# JRE version: OpenJDK Runtime Environment (8.0_76-b03) (build 1.8.0_76-release-b03)
# Java VM: OpenJDK 64-Bit Server VM (25.76-b03 mixed mode windows-amd64 compressed oops)
Heap:
 PSYoungGen      total 406528K, used 370956K [0x00000000e0000000, 0x00000000fbb80000, 0x0000000100000000)
  eden space 382464K, 90% used [0x00000000e0000000,0x00000000f52c7688,0x00000000f7580000)
  from space 24064K, 99% used [0x00000000f9480000,0x00000000fabfb9e0,0x00000000fac00000)
  to   space 31744K, 0% used [0x00000000f7580000,0x00000000f7580000,0x00000000f9480000)
 ParOldGen       total 668160K, used 97502K [0x00000000a0000000, 0x00000000c8c80000, 0x00000000e0000000)
  object space 668160K, 14% used [0x00000000a0000000,0x00000000a5f37be0,0x00000000c8c80000)
 Metaspace       used 96827K, capacity 119988K, committed 120624K, reserved 1155072K
  class space    used 12861K, capacity 13898K, committed 14384K, reserved 1048576K
GC Heap History (10 events):
Event: 38539.031 GC heap before
{Heap before GC invocations=625 (full 132):
 PSYoungGen      total 414720K, used 398199K [0x00000000e0000000, 0x00000000fb100000, 0x0000000100000000)
  eden space 389120K, 100% used [0x00000000e0000000,0x00000000f7c00000,0x00000000f7c00000)
  from space 25600K, 35% used [0x00000000f9800000,0x00000000fa0ddd10,0x00000000fb100000)
  to   space 27136K, 0% used [0x00000000f7c00000,0x00000000f7c00000,0x00000000f9680000)
 ParOldGen       total 668160K, used 88319K [0x00000000a0000000, 0x00000000c8c80000, 0x00000000e0000000)
  object space 668160K, 13% used [0x00000000a0000000,0x00000000a563fdc8,0x00000000c8c80000)
 Metaspace       used 95889K, capacity 118602K, committed 120112K, reserved 1155072K
  class space    used 12689K, capacity 13651K, committed 14384K, reserved 1048576K
Event: 38539.054 GC heap after
Heap after GC invocations=625 (full 132):
 PSYoungGen      total 398336K, used 9111K [0x00000000e0000000, 0x00000000fae80000, 0x0000000100000000)
  eden space 389120K, 0% used [0x00000000e0000000,0x00000000e0000000,0x00000000f7c00000)
  from space 9216K, 98% used [0x00000000f7c00000,0x00000000f84e5c80,0x00000000f8500000)
  to   space 25600K, 0% used [0x00000000f9580000,0x00000000f9580000,0x00000000fae80000)
 ParOldGen       total 668160K, used 88319K [0x00000000a0000000, 0x00000000c8c80000, 0x00000000e0000000)
  object space 668160K, 13% used [0x00000000a0000000,0x00000000a563fdc8,0x00000000c8c80000)
 Metaspace       used 95889K, capacity 118602K, committed 120112K, reserved 1155072K
  class space    used 12689K, capacity 13651K, committed 14384K, reserved 1048576K
}
Event: 38539.200 GC heap before
{Heap before GC invocations=626 (full 132):
 PSYoungGen      total 398336K, used 17896K [0x00000000e0000000, 0x00000000fae80000, 0x0000000100000000)
  eden space 389120K, 2% used [0x00000000e0000000,0x00000000e08946d0,0x00000000f7c00000)
  from space 9216K, 98% used [0x00000000f7c00000,0x00000000f84e5c80,0x00000000f8500000)
  to   space 25600K, 0% used [0x00000000f9580000,0x00000000f9580000,0x00000000fae80000)
 ParOldGen       total 668160K, used 88319K [0x00000000a0000000, 0x00000000c8c80000, 0x00000000e0000000)
  object space 668160K, 13% used [0x00000000a0000000,0x00000000a563fdc8,0x00000000c8c80000)
 Metaspace       used 95889K, capacity 118602K, committed 120112K, reserved 1155072K
  class space    used 12689K, capacity 13651K, committed 14384K, reserved 1048576K
Event: 38539.207 GC heap after
Heap after GC invocations=626 (full 132):
 PSYoungGen      total 415232K, used 1168K [0x00000000e0000000, 0x00000000fae80000, 0x0000000100000000)
  eden space 389632K, 0% used [0x00000000e0000000,0x00000000e0000000,0x00000000f7c80000)
  from space 25600K, 4% used [0x00000000f9580000,0x00000000f96a4030,0x00000000fae80000)
  to   space 25600K, 0% used [0x00000000f7c80000,0x00000000f7c80000,0x00000000f9580000)
 ParOldGen       total 668160K, used 88319K [0x00000000a0000000, 0x00000000c8c80000, 0x00000000e0000000)
  object space 668160K, 13% used [0x00000000a0000000,0x00000000a563fdc8,0x00000000c8c80000)
 Metaspace       used 95889K, capacity 118602K, committed 120112K, reserved 1155072K
  class space    used 12689K, capacity 13651K, committed 14384K, reserved 1048576K
}
Event: 38539.207 GC heap before
{Heap before GC invocations=627 (full 133):
 PSYoungGen      total 415232K, used 1168K [0x00000000e0000000, 0x00000000fae80000, 0x0000000100000000)
  eden space 389632K, 0% used [0x00000000e0000000,0x00000000e0000000,0x00000000f7c80000)
  from space 25600K, 4% used [0x00000000f9580000,0x00000000f96a4030,0x00000000fae80000)
  to   space 25600K, 0% used [0x00000000f7c80000,0x00000000f7c80000,0x00000000f9580000)
 ParOldGen       total 668160K, used 88319K [0x00000000a0000000, 0x00000000c8c80000, 0x00000000e0000000)
  object space 668160K, 13% used [0x00000000a0000000,0x00000000a563fdc8,0x00000000c8c80000)
 Metaspace       used 95889K, capacity 118602K, committed 120112K, reserved 1155072K
  class space    used 12689K, capacity 13651K, committed 14384K, reserved 1048576K
Event: 38540.183 GC heap after
Heap after GC invocations=627 (full 133):
 PSYoungGen      total 415232K, used 0K [0x00000000e0000000, 0x00000000fae80000, 0x0000000100000000)
  eden space 389632K, 0% used [0x00000000e0000000,0x00000000e0000000,0x00000000f7c80000)
  from space 25600K, 0% used [0x00000000f9580000,0x00000000f9580000,0x00000000fae80000)
  to   space 25600K, 0% used [0x00000000f7c80000,0x00000000f7c80000,0x00000000f9580000)
 ParOldGen       total 668160K, used 87698K [0x00000000a0000000, 0x00000000c8c80000, 0x00000000e0000000)
  object space 668160K, 13% used [0x00000000a0000000,0x00000000a55a4b90,0x00000000c8c80000)
 Metaspace       used 95885K, capacity 118596K, committed 120112K, reserved 1155072K
  class space    used 12688K, capacity 13650K, committed 14384K, reserved 1048576K
}
Event: 38628.407 GC heap before
{Heap before GC invocations=628 (full 133):
 PSYoungGen      total 415232K, used 389632K [0x00000000e0000000, 0x00000000fae80000, 0x0000000100000000)
  eden space 389632K, 100% used [0x00000000e0000000,0x00000000f7c80000,0x00000000f7c80000)
  from space 25600K, 0% used [0x00000000f9580000,0x00000000f9580000,0x00000000fae80000)
  to   space 25600K, 0% used [0x00000000f7c80000,0x00000000f7c80000,0x00000000f9580000)
 ParOldGen       total 668160K, used 87698K [0x00000000a0000000, 0x00000000c8c80000, 0x00000000e0000000)
  object space 668160K, 13% used [0x00000000a0000000,0x00000000a55a4b90,0x00000000c8c80000)
 Metaspace       used 96820K, capacity 119982K, committed 120624K, reserved 1155072K
  class space    used 12861K, capacity 13897K, committed 14384K, reserved 1048576K
Event: 38628.549 GC heap after
Heap after GC invocations=628 (full 133):
 PSYoungGen      total 399360K, used 9294K [0x00000000e0000000, 0x00000000fac00000, 0x0000000100000000)
  eden space 389632K, 0% used [0x00000000e0000000,0x00000000e0000000,0x00000000f7c80000)
  from space 9728K, 95% used [0x00000000f7c80000,0x00000000f85939a0,0x00000000f8600000)
  to   space 24064K, 0% used [0x00000000f9480000,0x00000000f9480000,0x00000000fac00000)
 ParOldGen       total 668160K, used 87698K [0x00000000a0000000, 0x00000000c8c80000, 0x00000000e0000000)
  object space 668160K, 13% used [0x00000000a0000000,0x00000000a55a4b90,0x00000000c8c80000)
 Metaspace       used 96820K, capacity 119982K, committed 120624K, reserved 1155072K
  class space    used 12861K, capacity 13897K, committed 14384K, reserved 1048576K
}
Event: 38642.611 GC heap before
{Heap before GC invocations=629 (full 133):
 PSYoungGen      total 399360K, used 398926K [0x00000000e0000000, 0x00000000fac00000, 0x0000000100000000)
  eden space 389632K, 100% used [0x00000000e0000000,0x00000000f7c80000,0x00000000f7c80000)
  from space 9728K, 95% used [0x00000000f7c80000,0x00000000f85939a0,0x00000000f8600000)
  to   space 24064K, 0% used [0x00000000f9480000,0x00000000f9480000,0x00000000fac00000)
 ParOldGen       total 668160K, used 87698K [0x00000000a0000000, 0x00000000c8c80000, 0x00000000e0000000)
  object space 668160K, 13% used [0x00000000a0000000,0x00000000a55a4b90,0x00000000c8c80000)
 Metaspace       used 96826K, capacity 119988K, committed 120624K, reserved 1155072K
  class space    used 12861K, capacity 13898K, committed 14384K, reserved 1048576K
Event: 38642.707 GC heap after
Heap after GC invocations=629 (full 133):
 PSYoungGen      total 406528K, used 24046K [0x00000000e0000000, 0x00000000fbb80000, 0x0000000100000000)
  eden space 382464K, 0% used [0x00000000e0000000,0x00000000e0000000,0x00000000f7580000)
  from space 24064K, 99% used [0x00000000f9480000,0x00000000fabfb9e0,0x00000000fac00000)
  to   space 31744K, 0% used [0x00000000f7580000,0x00000000f7580000,0x00000000f9480000)
 ParOldGen       total 668160K, used 97502K [0x00000000a0000000, 0x00000000c8c80000, 0x00000000e0000000)
  object space 668160K, 14% used [0x00000000a0000000,0x00000000a5f37be0,0x00000000c8c80000)
 Metaspace       used 96826K, capacity 119988K, committed 120624K, reserved 1155072K
  class space    used 12861K, capacity 13898K, committed 14384K, reserved 1048576K
}

